<?xml version="1.0" encoding="UTF-8"?>
<testsuite xmlns:xsi="http://www.w3.org/2001/XMLSchema-instance" xsi:noNamespaceSchemaLocation="https://maven.apache.org/surefire/maven-surefire-plugin/xsd/surefire-test-report.xsd" version="3.0.2" name="com.revature.planetarium.repository.UserServiceMockTest" time="0.04" tests="9" errors="0" skipped="0" failures="0">
  <properties>
[...]
</properties>
  <testcase name="createUserPositiveTest" classname="com.revature.planetarium.repository.UserServiceMockTest" time="0.026"/>
  <testcase name="loginBadPassNegativeTest" classname="com.revature.planetarium.repository.UserServiceMockTest" time="0.002"/>
  <testcase name="createUserPass0LengthNegativeTest" classname="com.revature.planetarium.repository.UserServiceMockTest" time="0.001"/>
  <testcase name="createUserDupeNegativeTest" classname="com.revature.planetarium.repository.UserServiceMockTest" time="0.001"/>
  <testcase name="loginBadUserNegativeTest" classname="com.revature.planetarium.repository.UserServiceMockTest" time="0.002"/>
  <testcase name="createUser31LengthNegativeTest" classname="com.revature.planetarium.repository.UserServiceMockTest" time="0.001"/>
  <testcase name="createUser0LengthNegativeTest" classname="com.revature.planetarium.repository.UserServiceMockTest" time="0.002"/>
  <testcase name="createUserPass31LengthNegativeTest" classname="com.revature.planetarium.repository.UserServiceMockTest" time="0.001"/>
  <testcase name="loginUserPositiveTest" classname="com.revature.planetarium.repository.UserServiceMockTest" time="0.0"/>
</testsuite>