[{"line":1,"elements":[{"start_timestamp":"2024-11-13T21:49:53.107Z","line":13,"name":"Automated User Homepage Visibility Validation","description":"\tValidating that Users that enter valid credentials and are logged in can see the planets and moons that they created on their dashboard. While Users who enter invalid credentials should not be able to reach the homepage. ","id":"homepagevalidation;automated-user-homepage-visibility-validation;;2","type":"scenario","keyword":"Scenario Outline","steps":[{"result":{"duration":675428000,"status":"passed"},"line":5,"name":"The user is on the login page at URL \"http://localhost:8080/\"","match":{"arguments":[{"val":"\"http://localhost:8080/\"","offset":37}],"location":"com.revature.steps.shared.SharedSteps.the_user_is_on_the_login_page_at_url(java.lang.String)"},"keyword":"Given "},{"result":{"duration":862276000,"status":"passed"},"line":6,"name":"The user enters the username \"Batman\"","match":{"arguments":[{"val":"\"Batman\"","offset":29}],"location":"com.revature.steps.logIn.LoginSteps.the_user_enters_the_username(java.lang.String)"},"keyword":"When "},{"result":{"duration":266203000,"status":"passed"},"line":7,"name":"The user enters the password \"I am the night\"","match":{"arguments":[{"val":"\"I am the night\"","offset":29}],"location":"com.revature.steps.logIn.LoginSteps.the_user_enters_the_password(java.lang.String)"},"keyword":"When "},{"result":{"duration":239795000,"status":"passed"},"line":8,"name":"The user clicks the login button","match":{"location":"com.revature.steps.logIn.LoginSteps.the_user_clicks_the_login_button()"},"keyword":"When "},{"result":{"status":"undefined"},"line":9,"name":"The user should be redirected to home page","match":{},"keyword":"Then "}]},{"start_timestamp":"2024-11-13T21:49:55.283Z","line":14,"name":"Automated User Homepage Visibility Validation","description":"\tValidating that Users that enter valid credentials and are logged in can see the planets and moons that they created on their dashboard. While Users who enter invalid credentials should not be able to reach the homepage. ","id":"homepagevalidation;automated-user-homepage-visibility-validation;;3","type":"scenario","keyword":"Scenario Outline","steps":[{"result":{"duration":637410000,"status":"passed"},"line":5,"name":"The user is on the login page at URL \"http://localhost:8080/\"","match":{"arguments":[{"val":"\"http://localhost:8080/\"","offset":37}],"location":"com.revature.steps.shared.SharedSteps.the_user_is_on_the_login_page_at_url(java.lang.String)"},"keyword":"Given "},{"result":{"duration":614870000,"status":"passed"},"line":6,"name":"The user enters the username \"Robin\"","match":{"arguments":[{"val":"\"Robin\"","offset":29}],"location":"com.revature.steps.logIn.LoginSteps.the_user_enters_the_username(java.lang.String)"},"keyword":"When "},{"result":{"duration":108521000,"status":"passed"},"line":7,"name":"The user enters the password \"BatmanAndRobinToTheRescue20202\"","match":{"arguments":[{"val":"\"BatmanAndRobinToTheRescue20202\"","offset":29}],"location":"com.revature.steps.logIn.LoginSteps.the_user_enters_the_password(java.lang.String)"},"keyword":"When "},{"result":{"duration":121123000,"status":"passed"},"line":8,"name":"The user clicks the login button","match":{"location":"com.revature.steps.logIn.LoginSteps.the_user_clicks_the_login_button()"},"keyword":"When "},{"result":{"status":"undefined"},"line":9,"name":"The user should be redirected to home page","match":{},"keyword":"Then "}]}],"name":"HomePageValidation","description":"","id":"homepagevalidation","keyword":"Feature","uri":"classpath:features/HomePageValidation.feature","tags":[]},{"line":1,"elements":[{"start_timestamp":"2024-11-13T21:49:56.901Z","line":15,"name":"Automated User Registration Username/Password Length Requirements","description":"\tValidating Users can open a new User account with the Planetarium when they provide valid username/password that meet the character limit, and that they are rejected when they don't provide valid username/password that meet the character limit.","id":"registration-character-limit;automated-user-registration-username/password-length-requirements;;2","type":"scenario","keyword":"Scenario Outline","steps":[{"result":{"error_message":"org.openqa.selenium.UnhandledAlertException: unexpected alert open: {Alert text : login attempt failed: please try again}\n  (Session info: chrome=130.0.6723.119): login attempt failed: please try again\nBuild info: version: '4.25.0', revision: '8a8aea2337'\nSystem info: os.name: 'Mac OS X', os.arch: 'x86_64', os.version: '14.5', java.version: '18.0.1.1'\nDriver info: org.openqa.selenium.chrome.ChromeDriver\nCommand: [d57e05d6cf9f8b2eb51467b906dd0011, get {url=http://localhost:8080/}]\nCapabilities {acceptInsecureCerts: false, browserName: chrome, browserVersion: 130.0.6723.119, chrome: {chromedriverVersion: 130.0.6723.116 (6ac35f94ae3..., userDataDir: /var/folders/yn/hscdrwpx4ks...}, fedcm:accounts: true, goog:chromeOptions: {debuggerAddress: localhost:61789}, networkConnectionEnabled: false, pageLoadStrategy: normal, platformName: mac, proxy: Proxy(), se:cdp: ws://localhost:61789/devtoo..., se:cdpVersion: 130.0.6723.119, setWindowRect: true, strictFileInteractability: false, timeouts: {implicit: 0, pageLoad: 300000, script: 30000}, unhandledPromptBehavior: dismiss and notify, webauthn:extension:credBlob: true, webauthn:extension:largeBlob: true, webauthn:extension:minPinLength: true, webauthn:extension:prf: true, webauthn:virtualAuthenticators: true}\nSession ID: d57e05d6cf9f8b2eb51467b906dd0011\n\tat org.openqa.selenium.remote.codec.w3c.W3CHttpResponseCodec.decode(W3CHttpResponseCodec.java:136)\n\tat org.openqa.selenium.remote.codec.w3c.W3CHttpResponseCodec.decode(W3CHttpResponseCodec.java:50)\n\tat org.openqa.selenium.remote.HttpCommandExecutor.execute(HttpCommandExecutor.java:190)\n\tat org.openqa.selenium.remote.service.DriverCommandExecutor.invokeExecute(DriverCommandExecutor.java:216)\n\tat org.openqa.selenium.remote.service.DriverCommandExecutor.execute(DriverCommandExecutor.java:174)\n\tat org.openqa.selenium.remote.RemoteWebDriver.execute(RemoteWebDriver.java:545)\n\tat org.openqa.selenium.remote.RemoteWebDriver.get(RemoteWebDriver.java:313)\n\tat com.revature.steps.shared.SharedSteps.the_user_is_on_the_login_page_at_url(SharedSteps.java:11)\n\tat ✽.The user is on the login page at URL \"http://localhost:8080/\"(classpath:features/RegistrationCharacterLimit.feature:5)\n","duration":102816000,"status":"failed"},"line":5,"name":"The user is on the login page at URL \"http://localhost:8080/\"","match":{"arguments":[{"val":"\"http://localhost:8080/\"","offset":37}],"location":"com.revature.steps.shared.SharedSteps.the_user_is_on_the_login_page_at_url(java.lang.String)"},"keyword":"Given "},{"result":{"duration":698000,"status":"skipped"},"line":6,"name":"The user clicks the registration button","match":{"location":"com.revature.steps.shared.SharedSteps.the_user_clicks_the_registration_button()"},"keyword":"When "},{"result":{"duration":62000,"status":"skipped"},"line":7,"name":"The user enters the username \"(no values)\"","match":{"arguments":[{"val":"\"(no values)\"","offset":29}],"location":"com.revature.steps.logIn.LoginSteps.the_user_enters_the_username(java.lang.String)"},"keyword":"When "},{"result":{"duration":56000,"status":"skipped"},"line":8,"name":"The user enters the password \"(no values)\"","match":{"arguments":[{"val":"\"(no values)\"","offset":29}],"location":"com.revature.steps.logIn.LoginSteps.the_user_enters_the_password(java.lang.String)"},"keyword":"And "},{"result":{"duration":64000,"status":"skipped"},"line":9,"name":"The user clicks the register button","match":{},"keyword":"And "},{"result":{"duration":42000,"status":"skipped"},"line":10,"name":"Then an alert should appear \"User Created\" for \"(no values)\"","match":{},"keyword":"Then "},{"result":{"duration":43000,"status":"skipped"},"line":11,"name":"The \"<User redirected to login page result>\"","match":{},"keyword":"And "}]},{"start_timestamp":"2024-11-13T21:49:57.094Z","line":16,"name":"Automated User Registration Username/Password Length Requirements","description":"\tValidating Users can open a new User account with the Planetarium when they provide valid username/password that meet the character limit, and that they are rejected when they don't provide valid username/password that meet the character limit.","id":"registration-character-limit;automated-user-registration-username/password-length-requirements;;3","type":"scenario","keyword":"Scenario Outline","steps":[{"result":{"duration":98673000,"status":"passed"},"line":5,"name":"The user is on the login page at URL \"http://localhost:8080/\"","match":{"arguments":[{"val":"\"http://localhost:8080/\"","offset":37}],"location":"com.revature.steps.shared.SharedSteps.the_user_is_on_the_login_page_at_url(java.lang.String)"},"keyword":"Given "},{"result":{"duration":55874000,"status":"passed"},"line":6,"name":"The user clicks the registration button","match":{"location":"com.revature.steps.shared.SharedSteps.the_user_clicks_the_registration_button()"},"keyword":"When "},{"result":{"error_message":"org.openqa.selenium.UnhandledAlertException: unexpected alert open: {Alert text : login attempt failed: please try again}\n  (Session info: chrome=130.0.6723.119): login attempt failed: please try again\nBuild info: version: '4.25.0', revision: '8a8aea2337'\nSystem info: os.name: 'Mac OS X', os.arch: 'x86_64', os.version: '14.5', java.version: '18.0.1.1'\nDriver info: org.openqa.selenium.chrome.ChromeDriver\nCommand: [d57e05d6cf9f8b2eb51467b906dd0011, findElement {using=id, value=usernameInput}]\nCapabilities {acceptInsecureCerts: false, browserName: chrome, browserVersion: 130.0.6723.119, chrome: {chromedriverVersion: 130.0.6723.116 (6ac35f94ae3..., userDataDir: /var/folders/yn/hscdrwpx4ks...}, fedcm:accounts: true, goog:chromeOptions: {debuggerAddress: localhost:61789}, networkConnectionEnabled: false, pageLoadStrategy: normal, platformName: mac, proxy: Proxy(), se:cdp: ws://localhost:61789/devtoo..., se:cdpVersion: 130.0.6723.119, setWindowRect: true, strictFileInteractability: false, timeouts: {implicit: 0, pageLoad: 300000, script: 30000}, unhandledPromptBehavior: dismiss and notify, webauthn:extension:credBlob: true, webauthn:extension:largeBlob: true, webauthn:extension:minPinLength: true, webauthn:extension:prf: true, webauthn:virtualAuthenticators: true}\nSession ID: d57e05d6cf9f8b2eb51467b906dd0011\n\tat org.openqa.selenium.remote.codec.w3c.W3CHttpResponseCodec.decode(W3CHttpResponseCodec.java:136)\n\tat org.openqa.selenium.remote.codec.w3c.W3CHttpResponseCodec.decode(W3CHttpResponseCodec.java:50)\n\tat org.openqa.selenium.remote.HttpCommandExecutor.execute(HttpCommandExecutor.java:190)\n\tat org.openqa.selenium.remote.service.DriverCommandExecutor.invokeExecute(DriverCommandExecutor.java:216)\n\tat org.openqa.selenium.remote.service.DriverCommandExecutor.execute(DriverCommandExecutor.java:174)\n\tat org.openqa.selenium.remote.RemoteWebDriver.execute(RemoteWebDriver.java:545)\n\tat org.openqa.selenium.remote.ElementLocation$ElementFinder$2.findElement(ElementLocation.java:165)\n\tat org.openqa.selenium.remote.ElementLocation.findElement(ElementLocation.java:59)\n\tat org.openqa.selenium.remote.RemoteWebDriver.findElement(RemoteWebDriver.java:368)\n\tat org.openqa.selenium.remote.RemoteWebDriver.findElement(RemoteWebDriver.java:362)\n\tat org.openqa.selenium.support.pagefactory.DefaultElementLocator.findElement(DefaultElementLocator.java:68)\n\tat org.openqa.selenium.support.pagefactory.internal.LocatingElementHandler.invoke(LocatingElementHandler.java:38)\n\tat jdk.proxy2/jdk.proxy2.$Proxy15.sendKeys(Unknown Source)\n\tat com.revature.poms.RegistrationPage.enterUsername(RegistrationPage.java:26)\n\tat com.revature.steps.logIn.LoginSteps.the_user_enters_the_username(LoginSteps.java:13)\n\tat ✽.The user enters the username \"(no values)\"(classpath:features/RegistrationCharacterLimit.feature:7)\n","duration":42340000,"status":"failed"},"line":7,"name":"The user enters the username \"(no values)\"","match":{"arguments":[{"val":"\"(no values)\"","offset":29}],"location":"com.revature.steps.logIn.LoginSteps.the_user_enters_the_username(java.lang.String)"},"keyword":"When "},{"result":{"duration":117000,"status":"skipped"},"line":8,"name":"The user enters the password \"GordonIsMyHeroForeverGoodMan11\"","match":{"arguments":[{"val":"\"GordonIsMyHeroForeverGoodMan11\"","offset":29}],"location":"com.revature.steps.logIn.LoginSteps.the_user_enters_the_password(java.lang.String)"},"keyword":"And "},{"result":{"duration":68000,"status":"skipped"},"line":9,"name":"The user clicks the register button","match":{},"keyword":"And "},{"result":{"duration":90000,"status":"skipped"},"line":10,"name":"Then an alert should appear \"User Created\" for \"(no values)\"","match":{},"keyword":"Then "},{"result":{"duration":55000,"status":"skipped"},"line":11,"name":"The \"<User redirected to login page result>\"","match":{},"keyword":"And "}]},{"start_timestamp":"2024-11-13T21:49:57.328Z","line":17,"name":"Automated User Registration Username/Password Length Requirements","description":"\tValidating Users can open a new User account with the Planetarium when they provide valid username/password that meet the character limit, and that they are rejected when they don't provide valid username/password that meet the character limit.","id":"registration-character-limit;automated-user-registration-username/password-length-requirements;;4","type":"scenario","keyword":"Scenario Outline","steps":[{"result":{"duration":37331000,"status":"passed"},"line":5,"name":"The user is on the login page at URL \"http://localhost:8080/\"","match":{"arguments":[{"val":"\"http://localhost:8080/\"","offset":37}],"location":"com.revature.steps.shared.SharedSteps.the_user_is_on_the_login_page_at_url(java.lang.String)"},"keyword":"Given "},{"result":{"duration":149029000,"status":"passed"},"line":6,"name":"The user clicks the registration button","match":{"location":"com.revature.steps.shared.SharedSteps.the_user_clicks_the_registration_button()"},"keyword":"When "},{"result":{"error_message":"org.openqa.selenium.UnhandledAlertException: unexpected alert open: {Alert text : login attempt failed: please try again}\n  (Session info: chrome=130.0.6723.119): login attempt failed: please try again\nBuild info: version: '4.25.0', revision: '8a8aea2337'\nSystem info: os.name: 'Mac OS X', os.arch: 'x86_64', os.version: '14.5', java.version: '18.0.1.1'\nDriver info: org.openqa.selenium.chrome.ChromeDriver\nCommand: [d57e05d6cf9f8b2eb51467b906dd0011, findElement {using=id, value=usernameInput}]\nCapabilities {acceptInsecureCerts: false, browserName: chrome, browserVersion: 130.0.6723.119, chrome: {chromedriverVersion: 130.0.6723.116 (6ac35f94ae3..., userDataDir: /var/folders/yn/hscdrwpx4ks...}, fedcm:accounts: true, goog:chromeOptions: {debuggerAddress: localhost:61789}, networkConnectionEnabled: false, pageLoadStrategy: normal, platformName: mac, proxy: Proxy(), se:cdp: ws://localhost:61789/devtoo..., se:cdpVersion: 130.0.6723.119, setWindowRect: true, strictFileInteractability: false, timeouts: {implicit: 0, pageLoad: 300000, script: 30000}, unhandledPromptBehavior: dismiss and notify, webauthn:extension:credBlob: true, webauthn:extension:largeBlob: true, webauthn:extension:minPinLength: true, webauthn:extension:prf: true, webauthn:virtualAuthenticators: true}\nSession ID: d57e05d6cf9f8b2eb51467b906dd0011\n\tat org.openqa.selenium.remote.codec.w3c.W3CHttpResponseCodec.decode(W3CHttpResponseCodec.java:136)\n\tat org.openqa.selenium.remote.codec.w3c.W3CHttpResponseCodec.decode(W3CHttpResponseCodec.java:50)\n\tat org.openqa.selenium.remote.HttpCommandExecutor.execute(HttpCommandExecutor.java:190)\n\tat org.openqa.selenium.remote.service.DriverCommandExecutor.invokeExecute(DriverCommandExecutor.java:216)\n\tat org.openqa.selenium.remote.service.DriverCommandExecutor.execute(DriverCommandExecutor.java:174)\n\tat org.openqa.selenium.remote.RemoteWebDriver.execute(RemoteWebDriver.java:545)\n\tat org.openqa.selenium.remote.ElementLocation$ElementFinder$2.findElement(ElementLocation.java:165)\n\tat org.openqa.selenium.remote.ElementLocation.findElement(ElementLocation.java:59)\n\tat org.openqa.selenium.remote.RemoteWebDriver.findElement(RemoteWebDriver.java:368)\n\tat org.openqa.selenium.remote.RemoteWebDriver.findElement(RemoteWebDriver.java:362)\n\tat org.openqa.selenium.support.pagefactory.DefaultElementLocator.findElement(DefaultElementLocator.java:68)\n\tat org.openqa.selenium.support.pagefactory.internal.LocatingElementHandler.invoke(LocatingElementHandler.java:38)\n\tat jdk.proxy2/jdk.proxy2.$Proxy15.sendKeys(Unknown Source)\n\tat com.revature.poms.RegistrationPage.enterUsername(RegistrationPage.java:26)\n\tat com.revature.steps.logIn.LoginSteps.the_user_enters_the_username(LoginSteps.java:13)\n\tat ✽.The user enters the username \"(no values)\"(classpath:features/RegistrationCharacterLimit.feature:7)\n","duration":43308000,"status":"failed"},"line":7,"name":"The user enters the username \"(no values)\"","match":{"arguments":[{"val":"\"(no values)\"","offset":29}],"location":"com.revature.steps.logIn.LoginSteps.the_user_enters_the_username(java.lang.String)"},"keyword":"When "},{"result":{"duration":372000,"status":"skipped"},"line":8,"name":"The user enters the password \"LexLuthorIsSchemingAgainOhNo!!!\"","match":{"arguments":[{"val":"\"LexLuthorIsSchemingAgainOhNo!!!\"","offset":29}],"location":"com.revature.steps.logIn.LoginSteps.the_user_enters_the_password(java.lang.String)"},"keyword":"And "},{"result":{"duration":55000,"status":"skipped"},"line":9,"name":"The user clicks the register button","match":{},"keyword":"And "},{"result":{"duration":37000,"status":"skipped"},"line":10,"name":"Then an alert should appear \"User Not Created\" for \"(no values)\"","match":{},"keyword":"Then "},{"result":{"duration":422000,"status":"skipped"},"line":11,"name":"The \"<User redirected to login page result>\"","match":{},"keyword":"And "}]},{"start_timestamp":"2024-11-13T21:49:57.620Z","line":18,"name":"Automated User Registration Username/Password Length Requirements","description":"\tValidating Users can open a new User account with the Planetarium when they provide valid username/password that meet the character limit, and that they are rejected when they don't provide valid username/password that meet the character limit.","id":"registration-character-limit;automated-user-registration-username/password-length-requirements;;5","type":"scenario","keyword":"Scenario Outline","steps":[{"result":{"duration":43770000,"status":"passed"},"line":5,"name":"The user is on the login page at URL \"http://localhost:8080/\"","match":{"arguments":[{"val":"\"http://localhost:8080/\"","offset":37}],"location":"com.revature.steps.shared.SharedSteps.the_user_is_on_the_login_page_at_url(java.lang.String)"},"keyword":"Given "},{"result":{"duration":89539000,"status":"passed"},"line":6,"name":"The user clicks the registration button","match":{"location":"com.revature.steps.shared.SharedSteps.the_user_clicks_the_registration_button()"},"keyword":"When "},{"result":{"error_message":"org.openqa.selenium.UnhandledAlertException: unexpected alert open: {Alert text : login attempt failed: please try again}\n  (Session info: chrome=130.0.6723.119): login attempt failed: please try again\nBuild info: version: '4.25.0', revision: '8a8aea2337'\nSystem info: os.name: 'Mac OS X', os.arch: 'x86_64', os.version: '14.5', java.version: '18.0.1.1'\nDriver info: org.openqa.selenium.chrome.ChromeDriver\nCommand: [d57e05d6cf9f8b2eb51467b906dd0011, sendKeysToElement {id=f.9CCC5C7A0A81EB3EE7BB50272817DEDD.d.A59D0E1ACDB06C111AF6F69A89E7FFDF.e.41, value=[Ljava.lang.CharSequence;@5491f68b}]\nCapabilities {acceptInsecureCerts: false, browserName: chrome, browserVersion: 130.0.6723.119, chrome: {chromedriverVersion: 130.0.6723.116 (6ac35f94ae3..., userDataDir: /var/folders/yn/hscdrwpx4ks...}, fedcm:accounts: true, goog:chromeOptions: {debuggerAddress: localhost:61789}, networkConnectionEnabled: false, pageLoadStrategy: normal, platformName: mac, proxy: Proxy(), se:cdp: ws://localhost:61789/devtoo..., se:cdpVersion: 130.0.6723.119, setWindowRect: true, strictFileInteractability: false, timeouts: {implicit: 0, pageLoad: 300000, script: 30000}, unhandledPromptBehavior: dismiss and notify, webauthn:extension:credBlob: true, webauthn:extension:largeBlob: true, webauthn:extension:minPinLength: true, webauthn:extension:prf: true, webauthn:virtualAuthenticators: true}\nElement: [[ChromeDriver: chrome on mac (d57e05d6cf9f8b2eb51467b906dd0011)] -> id: usernameInput]\nSession ID: d57e05d6cf9f8b2eb51467b906dd0011\n\tat org.openqa.selenium.remote.codec.w3c.W3CHttpResponseCodec.decode(W3CHttpResponseCodec.java:136)\n\tat org.openqa.selenium.remote.codec.w3c.W3CHttpResponseCodec.decode(W3CHttpResponseCodec.java:50)\n\tat org.openqa.selenium.remote.HttpCommandExecutor.execute(HttpCommandExecutor.java:190)\n\tat org.openqa.selenium.remote.service.DriverCommandExecutor.invokeExecute(DriverCommandExecutor.java:216)\n\tat org.openqa.selenium.remote.service.DriverCommandExecutor.execute(DriverCommandExecutor.java:174)\n\tat org.openqa.selenium.remote.RemoteWebDriver.execute(RemoteWebDriver.java:545)\n\tat org.openqa.selenium.remote.RemoteWebElement.execute(RemoteWebElement.java:223)\n\tat org.openqa.selenium.remote.RemoteWebElement.sendKeys(RemoteWebElement.java:110)\n\tat java.base/jdk.internal.reflect.DirectMethodHandleAccessor.invoke(DirectMethodHandleAccessor.java:104)\n\tat java.base/java.lang.reflect.Method.invoke(Method.java:577)\n\tat org.openqa.selenium.support.pagefactory.internal.LocatingElementHandler.invoke(LocatingElementHandler.java:51)\n\tat jdk.proxy2/jdk.proxy2.$Proxy15.sendKeys(Unknown Source)\n\tat com.revature.poms.RegistrationPage.enterUsername(RegistrationPage.java:26)\n\tat com.revature.steps.logIn.LoginSteps.the_user_enters_the_username(LoginSteps.java:13)\n\tat ✽.The user enters the username \"BatmanAndRobinToTheRescue20202\"(classpath:features/RegistrationCharacterLimit.feature:7)\n","duration":43935000,"status":"failed"},"line":7,"name":"The user enters the username \"BatmanAndRobinToTheRescue20202\"","match":{"arguments":[{"val":"\"BatmanAndRobinToTheRescue20202\"","offset":29}],"location":"com.revature.steps.logIn.LoginSteps.the_user_enters_the_username(java.lang.String)"},"keyword":"When "},{"result":{"duration":280000,"status":"skipped"},"line":8,"name":"The user enters the password \"(no values)\"","match":{"arguments":[{"val":"\"(no values)\"","offset":29}],"location":"com.revature.steps.logIn.LoginSteps.the_user_enters_the_password(java.lang.String)"},"keyword":"And "},{"result":{"duration":53000,"status":"skipped"},"line":9,"name":"The user clicks the register button","match":{},"keyword":"And "},{"result":{"duration":119000,"status":"skipped"},"line":10,"name":"Then an alert should appear \"User Created\" for \"BatmanAndRobinToTheRescue20202\"","match":{},"keyword":"Then "},{"result":{"duration":101000,"status":"skipped"},"line":11,"name":"The \"<User redirected to login page result>\"","match":{},"keyword":"And "}]},{"start_timestamp":"2024-11-13T21:49:57.864Z","line":19,"name":"Automated User Registration Username/Password Length Requirements","description":"\tValidating Users can open a new User account with the Planetarium when they provide valid username/password that meet the character limit, and that they are rejected when they don't provide valid username/password that meet the character limit.","id":"registration-character-limit;automated-user-registration-username/password-length-requirements;;6","type":"scenario","keyword":"Scenario Outline","steps":[{"result":{"duration":27975000,"status":"passed"},"line":5,"name":"The user is on the login page at URL \"http://localhost:8080/\"","match":{"arguments":[{"val":"\"http://localhost:8080/\"","offset":37}],"location":"com.revature.steps.shared.SharedSteps.the_user_is_on_the_login_page_at_url(java.lang.String)"},"keyword":"Given "},{"result":{"duration":79902000,"status":"passed"},"line":6,"name":"The user clicks the registration button","match":{"location":"com.revature.steps.shared.SharedSteps.the_user_clicks_the_registration_button()"},"keyword":"When "},{"result":{"error_message":"org.openqa.selenium.UnhandledAlertException: unexpected alert open: {Alert text : login attempt failed: please try again}\n  (Session info: chrome=130.0.6723.119): login attempt failed: please try again\nBuild info: version: '4.25.0', revision: '8a8aea2337'\nSystem info: os.name: 'Mac OS X', os.arch: 'x86_64', os.version: '14.5', java.version: '18.0.1.1'\nDriver info: org.openqa.selenium.chrome.ChromeDriver\nCommand: [d57e05d6cf9f8b2eb51467b906dd0011, findElement {using=id, value=usernameInput}]\nCapabilities {acceptInsecureCerts: false, browserName: chrome, browserVersion: 130.0.6723.119, chrome: {chromedriverVersion: 130.0.6723.116 (6ac35f94ae3..., userDataDir: /var/folders/yn/hscdrwpx4ks...}, fedcm:accounts: true, goog:chromeOptions: {debuggerAddress: localhost:61789}, networkConnectionEnabled: false, pageLoadStrategy: normal, platformName: mac, proxy: Proxy(), se:cdp: ws://localhost:61789/devtoo..., se:cdpVersion: 130.0.6723.119, setWindowRect: true, strictFileInteractability: false, timeouts: {implicit: 0, pageLoad: 300000, script: 30000}, unhandledPromptBehavior: dismiss and notify, webauthn:extension:credBlob: true, webauthn:extension:largeBlob: true, webauthn:extension:minPinLength: true, webauthn:extension:prf: true, webauthn:virtualAuthenticators: true}\nSession ID: d57e05d6cf9f8b2eb51467b906dd0011\n\tat org.openqa.selenium.remote.codec.w3c.W3CHttpResponseCodec.decode(W3CHttpResponseCodec.java:136)\n\tat org.openqa.selenium.remote.codec.w3c.W3CHttpResponseCodec.decode(W3CHttpResponseCodec.java:50)\n\tat org.openqa.selenium.remote.HttpCommandExecutor.execute(HttpCommandExecutor.java:190)\n\tat org.openqa.selenium.remote.service.DriverCommandExecutor.invokeExecute(DriverCommandExecutor.java:216)\n\tat org.openqa.selenium.remote.service.DriverCommandExecutor.execute(DriverCommandExecutor.java:174)\n\tat org.openqa.selenium.remote.RemoteWebDriver.execute(RemoteWebDriver.java:545)\n\tat org.openqa.selenium.remote.ElementLocation$ElementFinder$2.findElement(ElementLocation.java:165)\n\tat org.openqa.selenium.remote.ElementLocation.findElement(ElementLocation.java:59)\n\tat org.openqa.selenium.remote.RemoteWebDriver.findElement(RemoteWebDriver.java:368)\n\tat org.openqa.selenium.remote.RemoteWebDriver.findElement(RemoteWebDriver.java:362)\n\tat org.openqa.selenium.support.pagefactory.DefaultElementLocator.findElement(DefaultElementLocator.java:68)\n\tat org.openqa.selenium.support.pagefactory.internal.LocatingElementHandler.invoke(LocatingElementHandler.java:38)\n\tat jdk.proxy2/jdk.proxy2.$Proxy15.sendKeys(Unknown Source)\n\tat com.revature.poms.RegistrationPage.enterUsername(RegistrationPage.java:26)\n\tat com.revature.steps.logIn.LoginSteps.the_user_enters_the_username(LoginSteps.java:13)\n\tat ✽.The user enters the username \"BatmanAndRobinToTheRescue20202\"(classpath:features/RegistrationCharacterLimit.feature:7)\n","duration":34760000,"status":"failed"},"line":7,"name":"The user enters the username \"BatmanAndRobinToTheRescue20202\"","match":{"arguments":[{"val":"\"BatmanAndRobinToTheRescue20202\"","offset":29}],"location":"com.revature.steps.logIn.LoginSteps.the_user_enters_the_username(java.lang.String)"},"keyword":"When "},{"result":{"duration":623000,"status":"skipped"},"line":8,"name":"The user enters the password \"GordonIsMyHeroForeverGoodMan11\"","match":{"arguments":[{"val":"\"GordonIsMyHeroForeverGoodMan11\"","offset":29}],"location":"com.revature.steps.logIn.LoginSteps.the_user_enters_the_password(java.lang.String)"},"keyword":"And "},{"result":{"duration":508000,"status":"skipped"},"line":9,"name":"The user clicks the register button","match":{},"keyword":"And "},{"result":{"duration":86000,"status":"skipped"},"line":10,"name":"Then an alert should appear \"User Created\" for \"BatmanAndRobinToTheRescue20202\"","match":{},"keyword":"Then "},{"result":{"duration":51000,"status":"skipped"},"line":11,"name":"The \"<User redirected to login page result>\"","match":{},"keyword":"And "}]},{"start_timestamp":"2024-11-13T21:49:58.082Z","line":20,"name":"Automated User Registration Username/Password Length Requirements","description":"\tValidating Users can open a new User account with the Planetarium when they provide valid username/password that meet the character limit, and that they are rejected when they don't provide valid username/password that meet the character limit.","id":"registration-character-limit;automated-user-registration-username/password-length-requirements;;7","type":"scenario","keyword":"Scenario Outline","steps":[{"result":{"duration":42325000,"status":"passed"},"line":5,"name":"The user is on the login page at URL \"http://localhost:8080/\"","match":{"arguments":[{"val":"\"http://localhost:8080/\"","offset":37}],"location":"com.revature.steps.shared.SharedSteps.the_user_is_on_the_login_page_at_url(java.lang.String)"},"keyword":"Given "},{"result":{"duration":66843000,"status":"passed"},"line":6,"name":"The user clicks the registration button","match":{"location":"com.revature.steps.shared.SharedSteps.the_user_clicks_the_registration_button()"},"keyword":"When "},{"result":{"error_message":"org.openqa.selenium.UnhandledAlertException: unexpected alert open: {Alert text : login attempt failed: please try again}\n  (Session info: chrome=130.0.6723.119): login attempt failed: please try again\nBuild info: version: '4.25.0', revision: '8a8aea2337'\nSystem info: os.name: 'Mac OS X', os.arch: 'x86_64', os.version: '14.5', java.version: '18.0.1.1'\nDriver info: org.openqa.selenium.chrome.ChromeDriver\nCommand: [d57e05d6cf9f8b2eb51467b906dd0011, findElement {using=id, value=usernameInput}]\nCapabilities {acceptInsecureCerts: false, browserName: chrome, browserVersion: 130.0.6723.119, chrome: {chromedriverVersion: 130.0.6723.116 (6ac35f94ae3..., userDataDir: /var/folders/yn/hscdrwpx4ks...}, fedcm:accounts: true, goog:chromeOptions: {debuggerAddress: localhost:61789}, networkConnectionEnabled: false, pageLoadStrategy: normal, platformName: mac, proxy: Proxy(), se:cdp: ws://localhost:61789/devtoo..., se:cdpVersion: 130.0.6723.119, setWindowRect: true, strictFileInteractability: false, timeouts: {implicit: 0, pageLoad: 300000, script: 30000}, unhandledPromptBehavior: dismiss and notify, webauthn:extension:credBlob: true, webauthn:extension:largeBlob: true, webauthn:extension:minPinLength: true, webauthn:extension:prf: true, webauthn:virtualAuthenticators: true}\nSession ID: d57e05d6cf9f8b2eb51467b906dd0011\n\tat org.openqa.selenium.remote.codec.w3c.W3CHttpResponseCodec.decode(W3CHttpResponseCodec.java:136)\n\tat org.openqa.selenium.remote.codec.w3c.W3CHttpResponseCodec.decode(W3CHttpResponseCodec.java:50)\n\tat org.openqa.selenium.remote.HttpCommandExecutor.execute(HttpCommandExecutor.java:190)\n\tat org.openqa.selenium.remote.service.DriverCommandExecutor.invokeExecute(DriverCommandExecutor.java:216)\n\tat org.openqa.selenium.remote.service.DriverCommandExecutor.execute(DriverCommandExecutor.java:174)\n\tat org.openqa.selenium.remote.RemoteWebDriver.execute(RemoteWebDriver.java:545)\n\tat org.openqa.selenium.remote.ElementLocation$ElementFinder$2.findElement(ElementLocation.java:165)\n\tat org.openqa.selenium.remote.ElementLocation.findElement(ElementLocation.java:59)\n\tat org.openqa.selenium.remote.RemoteWebDriver.findElement(RemoteWebDriver.java:368)\n\tat org.openqa.selenium.remote.RemoteWebDriver.findElement(RemoteWebDriver.java:362)\n\tat org.openqa.selenium.support.pagefactory.DefaultElementLocator.findElement(DefaultElementLocator.java:68)\n\tat org.openqa.selenium.support.pagefactory.internal.LocatingElementHandler.invoke(LocatingElementHandler.java:38)\n\tat jdk.proxy2/jdk.proxy2.$Proxy15.sendKeys(Unknown Source)\n\tat com.revature.poms.RegistrationPage.enterUsername(RegistrationPage.java:26)\n\tat com.revature.steps.logIn.LoginSteps.the_user_enters_the_username(LoginSteps.java:13)\n\tat ✽.The user enters the username \"BatmanAndRobinToTheRescue20202\"(classpath:features/RegistrationCharacterLimit.feature:7)\n","duration":22110000,"status":"failed"},"line":7,"name":"The user enters the username \"BatmanAndRobinToTheRescue20202\"","match":{"arguments":[{"val":"\"BatmanAndRobinToTheRescue20202\"","offset":29}],"location":"com.revature.steps.logIn.LoginSteps.the_user_enters_the_username(java.lang.String)"},"keyword":"When "},{"result":{"duration":89000,"status":"skipped"},"line":8,"name":"The user enters the password \"LexLuthorIsSchemingAgainOhNo!!!\"","match":{"arguments":[{"val":"\"LexLuthorIsSchemingAgainOhNo!!!\"","offset":29}],"location":"com.revature.steps.logIn.LoginSteps.the_user_enters_the_password(java.lang.String)"},"keyword":"And "},{"result":{"duration":52000,"status":"skipped"},"line":9,"name":"The user clicks the register button","match":{},"keyword":"And "},{"result":{"duration":35000,"status":"skipped"},"line":10,"name":"Then an alert should appear \"User Not Created\" for \"BatmanAndRobinToTheRescue20202\"","match":{},"keyword":"Then "},{"result":{"duration":35000,"status":"skipped"},"line":11,"name":"The \"<User redirected to login page result>\"","match":{},"keyword":"And "}]},{"start_timestamp":"2024-11-13T21:49:58.284Z","line":21,"name":"Automated User Registration Username/Password Length Requirements","description":"\tValidating Users can open a new User account with the Planetarium when they provide valid username/password that meet the character limit, and that they are rejected when they don't provide valid username/password that meet the character limit.","id":"registration-character-limit;automated-user-registration-username/password-length-requirements;;8","type":"scenario","keyword":"Scenario Outline","steps":[{"result":{"error_message":"org.openqa.selenium.UnhandledAlertException: unexpected alert open: {Alert text : login attempt failed: please try again}\n  (Session info: chrome=130.0.6723.119): login attempt failed: please try again\nBuild info: version: '4.25.0', revision: '8a8aea2337'\nSystem info: os.name: 'Mac OS X', os.arch: 'x86_64', os.version: '14.5', java.version: '18.0.1.1'\nDriver info: org.openqa.selenium.chrome.ChromeDriver\nCommand: [d57e05d6cf9f8b2eb51467b906dd0011, get {url=http://localhost:8080/}]\nCapabilities {acceptInsecureCerts: false, browserName: chrome, browserVersion: 130.0.6723.119, chrome: {chromedriverVersion: 130.0.6723.116 (6ac35f94ae3..., userDataDir: /var/folders/yn/hscdrwpx4ks...}, fedcm:accounts: true, goog:chromeOptions: {debuggerAddress: localhost:61789}, networkConnectionEnabled: false, pageLoadStrategy: normal, platformName: mac, proxy: Proxy(), se:cdp: ws://localhost:61789/devtoo..., se:cdpVersion: 130.0.6723.119, setWindowRect: true, strictFileInteractability: false, timeouts: {implicit: 0, pageLoad: 300000, script: 30000}, unhandledPromptBehavior: dismiss and notify, webauthn:extension:credBlob: true, webauthn:extension:largeBlob: true, webauthn:extension:minPinLength: true, webauthn:extension:prf: true, webauthn:virtualAuthenticators: true}\nSession ID: d57e05d6cf9f8b2eb51467b906dd0011\n\tat org.openqa.selenium.remote.codec.w3c.W3CHttpResponseCodec.decode(W3CHttpResponseCodec.java:136)\n\tat org.openqa.selenium.remote.codec.w3c.W3CHttpResponseCodec.decode(W3CHttpResponseCodec.java:50)\n\tat org.openqa.selenium.remote.HttpCommandExecutor.execute(HttpCommandExecutor.java:190)\n\tat org.openqa.selenium.remote.service.DriverCommandExecutor.invokeExecute(DriverCommandExecutor.java:216)\n\tat org.openqa.selenium.remote.service.DriverCommandExecutor.execute(DriverCommandExecutor.java:174)\n\tat org.openqa.selenium.remote.RemoteWebDriver.execute(RemoteWebDriver.java:545)\n\tat org.openqa.selenium.remote.RemoteWebDriver.get(RemoteWebDriver.java:313)\n\tat com.revature.steps.shared.SharedSteps.the_user_is_on_the_login_page_at_url(SharedSteps.java:11)\n\tat ✽.The user is on the login page at URL \"http://localhost:8080/\"(classpath:features/RegistrationCharacterLimit.feature:5)\n","duration":12961000,"status":"failed"},"line":5,"name":"The user is on the login page at URL \"http://localhost:8080/\"","match":{"arguments":[{"val":"\"http://localhost:8080/\"","offset":37}],"location":"com.revature.steps.shared.SharedSteps.the_user_is_on_the_login_page_at_url(java.lang.String)"},"keyword":"Given "},{"result":{"duration":121000,"status":"skipped"},"line":6,"name":"The user clicks the registration button","match":{"location":"com.revature.steps.shared.SharedSteps.the_user_clicks_the_registration_button()"},"keyword":"When "},{"result":{"duration":1345000,"status":"skipped"},"line":7,"name":"The user enters the username \"JokerAndRiddlerAreAtItAgain1010\"","match":{"arguments":[{"val":"\"JokerAndRiddlerAreAtItAgain1010\"","offset":29}],"location":"com.revature.steps.logIn.LoginSteps.the_user_enters_the_username(java.lang.String)"},"keyword":"When "},{"result":{"duration":580000,"status":"skipped"},"line":8,"name":"The user enters the password \"(no values)\"","match":{"arguments":[{"val":"\"(no values)\"","offset":29}],"location":"com.revature.steps.logIn.LoginSteps.the_user_enters_the_password(java.lang.String)"},"keyword":"And "},{"result":{"duration":170000,"status":"skipped"},"line":9,"name":"The user clicks the register button","match":{},"keyword":"And "},{"result":{"duration":71000,"status":"skipped"},"line":10,"name":"Then an alert should appear \"User Not Created\" for \"JokerAndRiddlerAreAtItAgain1010\"","match":{},"keyword":"Then "},{"result":{"duration":36000,"status":"skipped"},"line":11,"name":"The \"<User redirected to login page result>\"","match":{},"keyword":"And "}]},{"start_timestamp":"2024-11-13T21:49:58.323Z","line":22,"name":"Automated User Registration Username/Password Length Requirements","description":"\tValidating Users can open a new User account with the Planetarium when they provide valid username/password that meet the character limit, and that they are rejected when they don't provide valid username/password that meet the character limit.","id":"registration-character-limit;automated-user-registration-username/password-length-requirements;;9","type":"scenario","keyword":"Scenario Outline","steps":[{"result":{"duration":29685000,"status":"passed"},"line":5,"name":"The user is on the login page at URL \"http://localhost:8080/\"","match":{"arguments":[{"val":"\"http://localhost:8080/\"","offset":37}],"location":"com.revature.steps.shared.SharedSteps.the_user_is_on_the_login_page_at_url(java.lang.String)"},"keyword":"Given "},{"result":{"duration":40499000,"status":"passed"},"line":6,"name":"The user clicks the registration button","match":{"location":"com.revature.steps.shared.SharedSteps.the_user_clicks_the_registration_button()"},"keyword":"When "},{"result":{"error_message":"org.openqa.selenium.UnhandledAlertException: unexpected alert open: {Alert text : login attempt failed: please try again}\n  (Session info: chrome=130.0.6723.119): login attempt failed: please try again\nBuild info: version: '4.25.0', revision: '8a8aea2337'\nSystem info: os.name: 'Mac OS X', os.arch: 'x86_64', os.version: '14.5', java.version: '18.0.1.1'\nDriver info: org.openqa.selenium.chrome.ChromeDriver\nCommand: [d57e05d6cf9f8b2eb51467b906dd0011, findElement {using=id, value=usernameInput}]\nCapabilities {acceptInsecureCerts: false, browserName: chrome, browserVersion: 130.0.6723.119, chrome: {chromedriverVersion: 130.0.6723.116 (6ac35f94ae3..., userDataDir: /var/folders/yn/hscdrwpx4ks...}, fedcm:accounts: true, goog:chromeOptions: {debuggerAddress: localhost:61789}, networkConnectionEnabled: false, pageLoadStrategy: normal, platformName: mac, proxy: Proxy(), se:cdp: ws://localhost:61789/devtoo..., se:cdpVersion: 130.0.6723.119, setWindowRect: true, strictFileInteractability: false, timeouts: {implicit: 0, pageLoad: 300000, script: 30000}, unhandledPromptBehavior: dismiss and notify, webauthn:extension:credBlob: true, webauthn:extension:largeBlob: true, webauthn:extension:minPinLength: true, webauthn:extension:prf: true, webauthn:virtualAuthenticators: true}\nSession ID: d57e05d6cf9f8b2eb51467b906dd0011\n\tat org.openqa.selenium.remote.codec.w3c.W3CHttpResponseCodec.decode(W3CHttpResponseCodec.java:136)\n\tat org.openqa.selenium.remote.codec.w3c.W3CHttpResponseCodec.decode(W3CHttpResponseCodec.java:50)\n\tat org.openqa.selenium.remote.HttpCommandExecutor.execute(HttpCommandExecutor.java:190)\n\tat org.openqa.selenium.remote.service.DriverCommandExecutor.invokeExecute(DriverCommandExecutor.java:216)\n\tat org.openqa.selenium.remote.service.DriverCommandExecutor.execute(DriverCommandExecutor.java:174)\n\tat org.openqa.selenium.remote.RemoteWebDriver.execute(RemoteWebDriver.java:545)\n\tat org.openqa.selenium.remote.ElementLocation$ElementFinder$2.findElement(ElementLocation.java:165)\n\tat org.openqa.selenium.remote.ElementLocation.findElement(ElementLocation.java:59)\n\tat org.openqa.selenium.remote.RemoteWebDriver.findElement(RemoteWebDriver.java:368)\n\tat org.openqa.selenium.remote.RemoteWebDriver.findElement(RemoteWebDriver.java:362)\n\tat org.openqa.selenium.support.pagefactory.DefaultElementLocator.findElement(DefaultElementLocator.java:68)\n\tat org.openqa.selenium.support.pagefactory.internal.LocatingElementHandler.invoke(LocatingElementHandler.java:38)\n\tat jdk.proxy2/jdk.proxy2.$Proxy15.sendKeys(Unknown Source)\n\tat com.revature.poms.RegistrationPage.enterUsername(RegistrationPage.java:26)\n\tat com.revature.steps.logIn.LoginSteps.the_user_enters_the_username(LoginSteps.java:13)\n\tat ✽.The user enters the username \"JokerAndRiddlerAreAtItAgain1010\"(classpath:features/RegistrationCharacterLimit.feature:7)\n","duration":44019000,"status":"failed"},"line":7,"name":"The user enters the username \"JokerAndRiddlerAreAtItAgain1010\"","match":{"arguments":[{"val":"\"JokerAndRiddlerAreAtItAgain1010\"","offset":29}],"location":"com.revature.steps.logIn.LoginSteps.the_user_enters_the_username(java.lang.String)"},"keyword":"When "},{"result":{"duration":327000,"status":"skipped"},"line":8,"name":"The user enters the password \"GordonIsMyHeroForeverGoodMan11\"","match":{"arguments":[{"val":"\"GordonIsMyHeroForeverGoodMan11\"","offset":29}],"location":"com.revature.steps.logIn.LoginSteps.the_user_enters_the_password(java.lang.String)"},"keyword":"And "},{"result":{"duration":43000,"status":"skipped"},"line":9,"name":"The user clicks the register button","match":{},"keyword":"And "},{"result":{"duration":247000,"status":"skipped"},"line":10,"name":"Then an alert should appear \"User Not Created\" for \"JokerAndRiddlerAreAtItAgain1010\"","match":{},"keyword":"Then "},{"result":{"duration":191000,"status":"skipped"},"line":11,"name":"The \"<User redirected to login page result>\"","match":{},"keyword":"And "}]},{"start_timestamp":"2024-11-13T21:49:58.483Z","line":23,"name":"Automated User Registration Username/Password Length Requirements","description":"\tValidating Users can open a new User account with the Planetarium when they provide valid username/password that meet the character limit, and that they are rejected when they don't provide valid username/password that meet the character limit.","id":"registration-character-limit;automated-user-registration-username/password-length-requirements;;10","type":"scenario","keyword":"Scenario Outline","steps":[{"result":{"duration":24086000,"status":"passed"},"line":5,"name":"The user is on the login page at URL \"http://localhost:8080/\"","match":{"arguments":[{"val":"\"http://localhost:8080/\"","offset":37}],"location":"com.revature.steps.shared.SharedSteps.the_user_is_on_the_login_page_at_url(java.lang.String)"},"keyword":"Given "},{"result":{"duration":66007000,"status":"passed"},"line":6,"name":"The user clicks the registration button","match":{"location":"com.revature.steps.shared.SharedSteps.the_user_clicks_the_registration_button()"},"keyword":"When "},{"result":{"error_message":"org.openqa.selenium.UnhandledAlertException: unexpected alert open: {Alert text : login attempt failed: please try again}\n  (Session info: chrome=130.0.6723.119): login attempt failed: please try again\nBuild info: version: '4.25.0', revision: '8a8aea2337'\nSystem info: os.name: 'Mac OS X', os.arch: 'x86_64', os.version: '14.5', java.version: '18.0.1.1'\nDriver info: org.openqa.selenium.chrome.ChromeDriver\nCommand: [d57e05d6cf9f8b2eb51467b906dd0011, findElement {using=id, value=usernameInput}]\nCapabilities {acceptInsecureCerts: false, browserName: chrome, browserVersion: 130.0.6723.119, chrome: {chromedriverVersion: 130.0.6723.116 (6ac35f94ae3..., userDataDir: /var/folders/yn/hscdrwpx4ks...}, fedcm:accounts: true, goog:chromeOptions: {debuggerAddress: localhost:61789}, networkConnectionEnabled: false, pageLoadStrategy: normal, platformName: mac, proxy: Proxy(), se:cdp: ws://localhost:61789/devtoo..., se:cdpVersion: 130.0.6723.119, setWindowRect: true, strictFileInteractability: false, timeouts: {implicit: 0, pageLoad: 300000, script: 30000}, unhandledPromptBehavior: dismiss and notify, webauthn:extension:credBlob: true, webauthn:extension:largeBlob: true, webauthn:extension:minPinLength: true, webauthn:extension:prf: true, webauthn:virtualAuthenticators: true}\nSession ID: d57e05d6cf9f8b2eb51467b906dd0011\n\tat org.openqa.selenium.remote.codec.w3c.W3CHttpResponseCodec.decode(W3CHttpResponseCodec.java:136)\n\tat org.openqa.selenium.remote.codec.w3c.W3CHttpResponseCodec.decode(W3CHttpResponseCodec.java:50)\n\tat org.openqa.selenium.remote.HttpCommandExecutor.execute(HttpCommandExecutor.java:190)\n\tat org.openqa.selenium.remote.service.DriverCommandExecutor.invokeExecute(DriverCommandExecutor.java:216)\n\tat org.openqa.selenium.remote.service.DriverCommandExecutor.execute(DriverCommandExecutor.java:174)\n\tat org.openqa.selenium.remote.RemoteWebDriver.execute(RemoteWebDriver.java:545)\n\tat org.openqa.selenium.remote.ElementLocation$ElementFinder$2.findElement(ElementLocation.java:165)\n\tat org.openqa.selenium.remote.ElementLocation.findElement(ElementLocation.java:59)\n\tat org.openqa.selenium.remote.RemoteWebDriver.findElement(RemoteWebDriver.java:368)\n\tat org.openqa.selenium.remote.RemoteWebDriver.findElement(RemoteWebDriver.java:362)\n\tat org.openqa.selenium.support.pagefactory.DefaultElementLocator.findElement(DefaultElementLocator.java:68)\n\tat org.openqa.selenium.support.pagefactory.internal.LocatingElementHandler.invoke(LocatingElementHandler.java:38)\n\tat jdk.proxy2/jdk.proxy2.$Proxy15.sendKeys(Unknown Source)\n\tat com.revature.poms.RegistrationPage.enterUsername(RegistrationPage.java:26)\n\tat com.revature.steps.logIn.LoginSteps.the_user_enters_the_username(LoginSteps.java:13)\n\tat ✽.The user enters the username \"JokerAndRiddlerAreAtItAgain1010\"(classpath:features/RegistrationCharacterLimit.feature:7)\n","duration":25841000,"status":"failed"},"line":7,"name":"The user enters the username \"JokerAndRiddlerAreAtItAgain1010\"","match":{"arguments":[{"val":"\"JokerAndRiddlerAreAtItAgain1010\"","offset":29}],"location":"com.revature.steps.logIn.LoginSteps.the_user_enters_the_username(java.lang.String)"},"keyword":"When "},{"result":{"duration":180000,"status":"skipped"},"line":8,"name":"The user enters the password \"LexLuthorIsSchemingAgainOhNo!!!\"","match":{"arguments":[{"val":"\"LexLuthorIsSchemingAgainOhNo!!!\"","offset":29}],"location":"com.revature.steps.logIn.LoginSteps.the_user_enters_the_password(java.lang.String)"},"keyword":"And "},{"result":{"duration":239000,"status":"skipped"},"line":9,"name":"The user clicks the register button","match":{},"keyword":"And "},{"result":{"duration":32000,"status":"skipped"},"line":10,"name":"Then an alert should appear \"User Not Created\" for \"JokerAndRiddlerAreAtItAgain1010\"","match":{},"keyword":"Then "},{"result":{"duration":422000,"status":"skipped"},"line":11,"name":"The \"<User redirected to login page result>\"","match":{},"keyword":"And "}]}],"name":"Registration Character Limit","description":"","id":"registration-character-limit","keyword":"Feature","uri":"classpath:features/RegistrationCharacterLimit.feature","tags":[]},{"line":1,"elements":[{"start_timestamp":"2024-11-13T21:49:58.639Z","line":15,"name":"Automated User Registration Unique Username Requirement","description":"\tValidating Users can open a new User account with the Planetarium when they provide valid credentials and the username is unique, and that they are rejected when they dont provide valid credentials or the username is not unique. ","id":"registration-unique-requirement;automated-user-registration-unique-username-requirement;;2","type":"scenario","keyword":"Scenario Outline","steps":[{"result":{"duration":25451000,"status":"passed"},"line":5,"name":"The user is on the login page at URL \"http://localhost:8080/\"","match":{"arguments":[{"val":"\"http://localhost:8080/\"","offset":37}],"location":"com.revature.steps.shared.SharedSteps.the_user_is_on_the_login_page_at_url(java.lang.String)"},"keyword":"Given "},{"result":{"duration":36664000,"status":"passed"},"line":6,"name":"The user clicks the registration button","match":{"location":"com.revature.steps.shared.SharedSteps.the_user_clicks_the_registration_button()"},"keyword":"When "},{"result":{"error_message":"org.openqa.selenium.NoSuchElementException: Unable to find element with locator By.id: usernameInput\nFor documentation on this error, please visit: https://www.selenium.dev/documentation/webdriver/troubleshooting/errors#no-such-element-exception\nBuild info: version: '4.25.0', revision: '8a8aea2337'\nSystem info: os.name: 'Mac OS X', os.arch: 'x86_64', os.version: '14.5', java.version: '18.0.1.1'\nDriver info: driver.version: RemoteWebDriver\n\tat org.openqa.selenium.remote.ElementLocation$ElementFinder$2.findElement(ElementLocation.java:168)\n\tat org.openqa.selenium.remote.ElementLocation.findElement(ElementLocation.java:59)\n\tat org.openqa.selenium.remote.RemoteWebDriver.findElement(RemoteWebDriver.java:368)\n\tat org.openqa.selenium.remote.RemoteWebDriver.findElement(RemoteWebDriver.java:362)\n\tat org.openqa.selenium.support.pagefactory.DefaultElementLocator.findElement(DefaultElementLocator.java:68)\n\tat org.openqa.selenium.support.pagefactory.internal.LocatingElementHandler.invoke(LocatingElementHandler.java:38)\n\tat jdk.proxy2/jdk.proxy2.$Proxy15.sendKeys(Unknown Source)\n\tat com.revature.poms.RegistrationPage.enterUsername(RegistrationPage.java:26)\n\tat com.revature.steps.logIn.LoginSteps.the_user_enters_the_username(LoginSteps.java:13)\n\tat ✽.The user enters the username \"Robin\"(classpath:features/RegistrationUniqueRequirement.feature:7)\n","duration":49875000,"status":"failed"},"line":7,"name":"The user enters the username \"Robin\"","match":{"arguments":[{"val":"\"Robin\"","offset":29}],"location":"com.revature.steps.logIn.LoginSteps.the_user_enters_the_username(java.lang.String)"},"keyword":"When "},{"result":{"duration":99000,"status":"skipped"},"line":8,"name":"The user enters the password \"BatmanAndRobinToTheRescue20202\"","match":{"arguments":[{"val":"\"BatmanAndRobinToTheRescue20202\"","offset":29}],"location":"com.revature.steps.logIn.LoginSteps.the_user_enters_the_password(java.lang.String)"},"keyword":"When "},{"result":{"duration":75000,"status":"skipped"},"line":9,"name":"The user clicks the register button","match":{},"keyword":"And "},{"result":{"duration":40000,"status":"skipped"},"line":10,"name":"Then an alert should appear \"User Created\" for \"Robin\"","match":{},"keyword":"Then "},{"result":{"duration":128000,"status":"skipped"},"line":11,"name":"The \"User redirected to login page\"","match":{},"keyword":"And "}]},{"start_timestamp":"2024-11-13T21:49:58.786Z","line":16,"name":"Automated User Registration Unique Username Requirement","description":"\tValidating Users can open a new User account with the Planetarium when they provide valid credentials and the username is unique, and that they are rejected when they dont provide valid credentials or the username is not unique. ","id":"registration-unique-requirement;automated-user-registration-unique-username-requirement;;3","type":"scenario","keyword":"Scenario Outline","steps":[{"result":{"error_message":"org.openqa.selenium.UnhandledAlertException: unexpected alert open: {Alert text : login attempt failed: please try again}\n  (Session info: chrome=130.0.6723.119): login attempt failed: please try again\nBuild info: version: '4.25.0', revision: '8a8aea2337'\nSystem info: os.name: 'Mac OS X', os.arch: 'x86_64', os.version: '14.5', java.version: '18.0.1.1'\nDriver info: org.openqa.selenium.chrome.ChromeDriver\nCommand: [d57e05d6cf9f8b2eb51467b906dd0011, get {url=http://localhost:8080/}]\nCapabilities {acceptInsecureCerts: false, browserName: chrome, browserVersion: 130.0.6723.119, chrome: {chromedriverVersion: 130.0.6723.116 (6ac35f94ae3..., userDataDir: /var/folders/yn/hscdrwpx4ks...}, fedcm:accounts: true, goog:chromeOptions: {debuggerAddress: localhost:61789}, networkConnectionEnabled: false, pageLoadStrategy: normal, platformName: mac, proxy: Proxy(), se:cdp: ws://localhost:61789/devtoo..., se:cdpVersion: 130.0.6723.119, setWindowRect: true, strictFileInteractability: false, timeouts: {implicit: 0, pageLoad: 300000, script: 30000}, unhandledPromptBehavior: dismiss and notify, webauthn:extension:credBlob: true, webauthn:extension:largeBlob: true, webauthn:extension:minPinLength: true, webauthn:extension:prf: true, webauthn:virtualAuthenticators: true}\nSession ID: d57e05d6cf9f8b2eb51467b906dd0011\n\tat org.openqa.selenium.remote.codec.w3c.W3CHttpResponseCodec.decode(W3CHttpResponseCodec.java:136)\n\tat org.openqa.selenium.remote.codec.w3c.W3CHttpResponseCodec.decode(W3CHttpResponseCodec.java:50)\n\tat org.openqa.selenium.remote.HttpCommandExecutor.execute(HttpCommandExecutor.java:190)\n\tat org.openqa.selenium.remote.service.DriverCommandExecutor.invokeExecute(DriverCommandExecutor.java:216)\n\tat org.openqa.selenium.remote.service.DriverCommandExecutor.execute(DriverCommandExecutor.java:174)\n\tat org.openqa.selenium.remote.RemoteWebDriver.execute(RemoteWebDriver.java:545)\n\tat org.openqa.selenium.remote.RemoteWebDriver.get(RemoteWebDriver.java:313)\n\tat com.revature.steps.shared.SharedSteps.the_user_is_on_the_login_page_at_url(SharedSteps.java:11)\n\tat ✽.The user is on the login page at URL \"http://localhost:8080/\"(classpath:features/RegistrationUniqueRequirement.feature:5)\n","duration":13978000,"status":"failed"},"line":5,"name":"The user is on the login page at URL \"http://localhost:8080/\"","match":{"arguments":[{"val":"\"http://localhost:8080/\"","offset":37}],"location":"com.revature.steps.shared.SharedSteps.the_user_is_on_the_login_page_at_url(java.lang.String)"},"keyword":"Given "},{"result":{"duration":315000,"status":"skipped"},"line":6,"name":"The user clicks the registration button","match":{"location":"com.revature.steps.shared.SharedSteps.the_user_clicks_the_registration_button()"},"keyword":"When "},{"result":{"duration":55000,"status":"skipped"},"line":7,"name":"The user enters the username \"Batman\"","match":{"arguments":[{"val":"\"Batman\"","offset":29}],"location":"com.revature.steps.logIn.LoginSteps.the_user_enters_the_username(java.lang.String)"},"keyword":"When "},{"result":{"duration":37000,"status":"skipped"},"line":8,"name":"The user enters the password \"BatmanAndRobinToTheRescue20202\"","match":{"arguments":[{"val":"\"BatmanAndRobinToTheRescue20202\"","offset":29}],"location":"com.revature.steps.logIn.LoginSteps.the_user_enters_the_password(java.lang.String)"},"keyword":"When "},{"result":{"duration":29000,"status":"skipped"},"line":9,"name":"The user clicks the register button","match":{},"keyword":"And "},{"result":{"duration":31000,"status":"skipped"},"line":10,"name":"Then an alert should appear \"User Not Created\" for \"Batman\"","match":{},"keyword":"Then "},{"result":{"duration":28000,"status":"skipped"},"line":11,"name":"The \"User remains on creation page\"","match":{},"keyword":"And "}]}],"name":"Registration Unique Requirement","description":"","id":"registration-unique-requirement","keyword":"Feature","uri":"classpath:features/RegistrationUniqueRequirement.feature","tags":[]}]